服务已启动服务已启动
服务已启动
服务已启动
服务已启动
服务已启动
服务已启动
服务已启动
服务已启动
\index.html
\2.jpg
\favicon.ico
服务已启动
\index.html
\2.jpg
\favicon.ico
服务已启动
\index.html
\login.html
\login.js
\favicon.ico
服务已启动
\index.html
\login.html
\login.js
\error.html
\login.html
\login.js
\error.html
\login.html
\login.js
\login
服务已启动
\login
服务已启动
服务已启动
服务已启动
服务已启动
服务已启动
\login
\error.html
\login.html
\login.js
\login
\error.html
\login.html
\login.js
服务已启动
\login.html
\login.js
\favicon.ico
\login
\index.html
\2.jpg
\login
\error.html
\error.html
\favicon.ico
\index.html
\2.jpg
\login.html
\login.js
\favicon.ico
\index.html
\login.html
\login.js
